# JRE version: OpenJDK Runtime Environment Corretto-23.0.2.7.1 (23.0.2+7) (build 23.0.2+7-FR)
# Java VM: OpenJDK 64-Bit Server VM Corretto-23.0.2.7.1 (23.0.2+7-FR, mixed mode, emulated-client, sharing, tiered, compressed oops, compressed class ptrs, g1 gc, windows-amd64)
GC Precious Log:
 CardTable entry size: 512
 Card Set container configuration: InlinePtr #cards 5 size 8 Array Of Cards #cards 10 size 36 Howl #buckets 4 coarsen threshold 1843 Howl Bitmap #cards 512 size 80 coarsen threshold 460 Card regions per heap region 1 cards per card region 2048
 CPUs: 4 total, 4 available
 Memory: 3838M
 Large Page Support: Disabled
 NUMA Support: Disabled
 Compressed Oops: Enabled (32-bit)
 Heap Region Size: 1M
 Heap Min Capacity: 8M
 Heap Initial Capacity: 60M
 Heap Max Capacity: 960M
 Pre-touch: Disabled
 Parallel Workers: 4
 Concurrent Workers: 1
 Concurrent Refinement Workers: 4
 Periodic GC: Disabled
Heap:
 garbage-first heap   total reserved 983040K, committed 61440K, used 31491K [0x00000000c4000000, 0x0000000100000000)
  region size 1024K, 3 young (3072K), 3 survivors (3072K)
 Metaspace       used 71201K, committed 71872K, reserved 1114112K
  class space    used 10408K, committed 10688K, reserved 1048576K
GC Heap History (20 events):
Event: 164.015 GC heap after
{Heap after GC invocations=25 (full 0):
 garbage-first heap   total reserved 983040K, committed 51200K, used 31073K [0x00000000c4000000, 0x0000000100000000)
  region size 1024K, 3 young (3072K), 3 survivors (3072K)
 Metaspace       used 66145K, committed 66624K, reserved 1114112K
  class space    used 9587K, committed 9792K, reserved 1048576K
}
Event: 182.748 GC heap before
{Heap before GC invocations=25 (full 0):
 garbage-first heap   total reserved 983040K, committed 51200K, used 44385K [0x00000000c4000000, 0x0000000100000000)
  region size 1024K, 16 young (16384K), 3 survivors (3072K)
 Metaspace       used 67216K, committed 67776K, reserved 1114112K
  class space    used 9759K, committed 9984K, reserved 1048576K
}
Event: 182.991 GC heap after
{Heap after GC invocations=26 (full 0):
 garbage-first heap   total reserved 983040K, committed 51200K, used 32523K [0x00000000c4000000, 0x0000000100000000)
  region size 1024K, 2 young (2048K), 2 survivors (2048K)
 Metaspace       used 67216K, committed 67776K, reserved 1114112K
  class space    used 9759K, committed 9984K, reserved 1048576K
}
Event: 231.562 GC heap before
{Heap before GC invocations=26 (full 0):
 garbage-first heap   total reserved 983040K, committed 51200K, used 45835K [0x00000000c4000000, 0x0000000100000000)
  region size 1024K, 15 young (15360K), 2 survivors (2048K)
 Metaspace       used 68617K, committed 69184K, reserved 1114112K
  class space    used 9960K, committed 10176K, reserved 1048576K
}
Event: 231.663 GC heap after
{Heap after GC invocations=27 (full 0):
 garbage-first heap   total reserved 983040K, committed 51200K, used 34368K [0x00000000c4000000, 0x0000000100000000)
  region size 1024K, 2 young (2048K), 2 survivors (2048K)
 Metaspace       used 68617K, committed 69184K, reserved 1114112K
  class space    used 9960K, committed 10176K, reserved 1048576K
}
Event: 271.941 GC heap before
{Heap before GC invocations=28 (full 0):
 garbage-first heap   total reserved 983040K, committed 58368K, used 44608K [0x00000000c4000000, 0x0000000100000000)
  region size 1024K, 12 young (12288K), 2 survivors (2048K)
 Metaspace       used 69791K, committed 70336K, reserved 1114112K
  class space    used 10141K, committed 10368K, reserved 1048576K
}
Event: 272.017 GC heap after
{Heap after GC invocations=29 (full 0):
 garbage-first heap   total reserved 983040K, committed 58368K, used 35461K [0x00000000c4000000, 0x0000000100000000)
  region size 1024K, 1 young (1024K), 1 survivors (1024K)
 Metaspace       used 69791K, committed 70336K, reserved 1114112K
  class space    used 10141K, committed 10368K, reserved 1048576K
}
Event: 452.836 GC heap before
{Heap before GC invocations=29 (full 0):
 garbage-first heap   total reserved 983040K, committed 58368K, used 51845K [0x00000000c4000000, 0x0000000100000000)
  region size 1024K, 17 young (17408K), 1 survivors (1024K)
 Metaspace       used 70957K, committed 71616K, reserved 1114112K
  class space    used 10359K, committed 10624K, reserved 1048576K
}
Event: 455.351 GC heap after
{Heap after GC invocations=30 (full 0):
 garbage-first heap   total reserved 983040K, committed 58368K, used 34917K [0x00000000c4000000, 0x0000000100000000)
  region size 1024K, 3 young (3072K), 3 survivors (3072K)
 Metaspace       used 70957K, committed 71616K, reserved 1114112K
  class space    used 10359K, committed 10624K, reserved 1048576K
}
Event: 465.620 GC heap before
{Heap before GC invocations=30 (full 0):
 garbage-first heap   total reserved 983040K, committed 58368K, used 35941K [0x00000000c4000000, 0x0000000100000000)
  region size 1024K, 4 young (4096K), 3 survivors (3072K)
 Metaspace       used 71054K, committed 71744K, reserved 1114112K
  class space    used 10383K, committed 10688K, reserved 1048576K
}
Event: 465.862 GC heap after
{Heap after GC invocations=31 (full 0):
 garbage-first heap   total reserved 983040K, committed 58368K, used 34837K [0x00000000c4000000, 0x0000000100000000)
  region size 1024K, 1 young (1024K), 1 survivors (1024K)
 Metaspace       used 71054K, committed 71744K, reserved 1114112K
  class space    used 10383K, committed 10688K, reserved 1048576K
}
Event: 466.009 GC heap before
{Heap before GC invocations=31 (full 0):
 garbage-first heap   total reserved 983040K, committed 58368K, used 34837K [0x00000000c4000000, 0x0000000100000000)
  region size 1024K, 2 young (2048K), 1 survivors (1024K)
 Metaspace       used 71060K, committed 71744K, reserved 1114112K
  class space    used 10384K, committed 10688K, reserved 1048576K
}
Event: 467.976 GC heap after
{Heap after GC invocations=32 (full 1):
 garbage-first heap   total reserved 983040K, committed 58368K, used 23746K [0x00000000c4000000, 0x0000000100000000)
  region size 1024K, 0 young (0K), 0 survivors (0K)
 Metaspace       used 70939K, committed 71744K, reserved 1114112K
  class space    used 10350K, committed 10688K, reserved 1048576K
}
Event: 473.620 GC heap before
{Heap before GC invocations=32 (full 1):
 garbage-first heap   total reserved 983040K, committed 58368K, used 47298K [0x00000000c4000000, 0x0000000100000000)
  region size 1024K, 23 young (23552K), 0 survivors (0K)
 Metaspace       used 70980K, committed 71744K, reserved 1114112K
  class space    used 10361K, committed 10688K, reserved 1048576K
}
Event: 473.753 GC heap after
{Heap after GC invocations=33 (full 1):
 garbage-first heap   total reserved 983040K, committed 58368K, used 26235K [0x00000000c4000000, 0x0000000100000000)
  region size 1024K, 3 young (3072K), 3 survivors (3072K)
 Metaspace       used 70980K, committed 71744K, reserved 1114112K
  class space    used 10361K, committed 10688K, reserved 1048576K
}
Event: 476.487 GC heap before
{Heap before GC invocations=34 (full 1):
 garbage-first heap   total reserved 983040K, committed 58368K, used 48763K [0x00000000c4000000, 0x0000000100000000)
  region size 1024K, 25 young (25600K), 3 survivors (3072K)
 Metaspace       used 71090K, committed 71744K, reserved 1114112K
  class space    used 10387K, committed 10688K, reserved 1048576K
}
Event: 476.503 GC heap after
{Heap after GC invocations=35 (full 1):
 garbage-first heap   total reserved 983040K, committed 58368K, used 29489K [0x00000000c4000000, 0x0000000100000000)
  region size 1024K, 4 young (4096K), 4 survivors (4096K)
 Metaspace       used 71090K, committed 71744K, reserved 1114112K
  class space    used 10387K, committed 10688K, reserved 1048576K
}
Event: 476.546 GC heap before
{Heap before GC invocations=35 (full 1):
 garbage-first heap   total reserved 983040K, committed 58368K, used 30513K [0x00000000c4000000, 0x0000000100000000)
  region size 1024K, 5 young (5120K), 4 survivors (4096K)
 Metaspace       used 71090K, committed 71744K, reserved 1114112K
  class space    used 10387K, committed 10688K, reserved 1048576K
}
Event: 476.552 GC heap after
{Heap after GC invocations=36 (full 1):
 garbage-first heap   total reserved 983040K, committed 58368K, used 29975K [0x00000000c4000000, 0x0000000100000000)
  region size 1024K, 1 young (1024K), 1 survivors (1024K)
 Metaspace       used 71090K, committed 71744K, reserved 1114112K
  class space    used 10387K, committed 10688K, reserved 1048576K
}
Event: 480.671 GC heap before
{Heap before GC invocations=36 (full 1):
 garbage-first heap   total reserved 983040K, committed 58368K, used 48407K [0x00000000c4000000, 0x0000000100000000)
  region size 1024K, 20 young (20480K), 1 survivors (1024K)
 Metaspace       used 71201K, committed 71872K, reserved 1114112K
  class space    used 10408K, committed 10688K, reserved 1048576K
}

